[0mGET / [32m200[0m 84.545 ms - 500[0m
[0mGET /favicon.ico [33m404[0m 19.985 ms - 150[0m
[0mGET /signin [32m200[0m 12.534 ms - 1081[0m
[0mGET /users/auth/google [36m302[0m 5.693 ms - 0[0m
[0mGET /users/auth/google/callback?code=4%2F0AWtgzh6Ay99S-PEMIJQTG-jbqMd1NMq37p9UtMsWx1Wcf4lO_oKuN_dNA6uig8A3ctZMUA&scope=email+profile+https%3A%2F%2Fwww.googleapis.com%2Fauth%2Fuserinfo.profile+https%3A%2F%2Fwww.googleapis.com%2Fauth%2Fuserinfo.email+openid&authuser=0&prompt=consent [36m302[0m 1107.637 ms - 62[0m
[0mGET /profile/ [32m200[0m 41.876 ms - 3262[0m
[0mGET /profile/ [32m200[0m 19.677 ms - 2985[0m
[0mGET /profile/ [36m304[0m 19.482 ms - -[0m
[0mGET /profile/ [36m304[0m 54.190 ms - -[0m
[0mGET /profile/ [36m304[0m 20.333 ms - -[0m
[0mGET /profile/ [36m304[0m 18.833 ms - -[0m
[0mGET /profile/ [36m304[0m 15.859 ms - -[0m
[0mGET /signout [36m302[0m 13.916 ms - 56[0m
[0mGET /signin [32m200[0m 4.220 ms - 1334[0m
[0mGET /users/auth/google [36m302[0m 4.334 ms - 0[0m
[0mGET /users/auth/google/callback?code=4%2F0AWtgzh6llDgZ_ye6TMcmCZxxE1K_AyajOYsDB6wxzI0Hhglr6IvSGes_-gfwg0V2iF7Ssg&scope=email+profile+https%3A%2F%2Fwww.googleapis.com%2Fauth%2Fuserinfo.profile+https%3A%2F%2Fwww.googleapis.com%2Fauth%2Fuserinfo.email+openid&authuser=0&prompt=consent [36m302[0m 656.178 ms - 62[0m
[0mGET /profile/ [32m200[0m 18.373 ms - 3298[0m
[0mGET /profile/ [32m200[0m 16.085 ms - 2985[0m
[0mGET /profile/ [32m200[0m 18.490 ms - 2957[0m
[0mGET /profile/6404bf0464479a923b5fe8a8 [32m200[0m 16.991 ms - 2122[0m
[0mGET /profile/ [36m304[0m 14.914 ms - -[0m
[0mGET /profile/ [36m304[0m 16.958 ms - -[0m
[0mGET /profile/ [36m304[0m 15.967 ms - -[0m
[0mGET /profile/ [36m304[0m 14.950 ms - -[0m
[0mGET /profile/ [36m304[0m 14.493 ms - -[0m
[0mGET /profile/ [36m304[0m 14.251 ms - -[0m
[0mGET /profile/640f3082896e4701d6f57318 [32m200[0m 16.806 ms - 2212[0m
[0mGET /profile/640f3082896e4701d6f57318 [36m304[0m 15.655 ms - -[0m
[0mGET /profile/ [32m200[0m 14.525 ms - 3148[0m
[0mGET /profile/css/profile.css [33m404[0m 9.842 ms - 162[0m
[0mPOST /post/create [36m302[0m 35.428 ms - 104[0m
[0mGET /profile/ [32m200[0m 32.055 ms - 4641[0m
[0mGET /profile/css/profile.css [33m404[0m 5.732 ms - 162[0m
[0mGET /post/destroy/641428fd3a5274e3bc85bcd1 [36m302[0m 44.167 ms - 104[0m
[0mGET /profile/ [32m200[0m 14.340 ms - 3148[0m
[0mGET /profile/css/profile.css [33m404[0m 5.060 ms - 162[0m
[0mGET / [32m200[0m 64.500 ms - 500[0m
[0mGET /favicon.ico [33m404[0m 15.308 ms - 150[0m
[0mGET /sign_up [32m200[0m 7.006 ms - 1465[0m
[0mGET /signin [32m200[0m 13.334 ms - 1081[0m
[0mGET / [36m304[0m 11.459 ms - -[0m
[0mGET /sign_up [36m304[0m 4.065 ms - -[0m
[0mGET /signin [36m304[0m 5.193 ms - -[0m
[0mGET /sign_up [36m304[0m 4.470 ms - -[0m
[0mGET / [36m304[0m 40.494 ms - -[0m
[0mGET /sign_up [36m304[0m 10.469 ms - -[0m
[0mPOST /c [36m302[0m 53.673 ms - 58[0m
[0mGET /signin [36m304[0m 8.237 ms - -[0m
[0mPOST /create-session [36m302[0m 19.820 ms - 62[0m
[0mGET /profile/ [32m200[0m 33.930 ms - 3622[0m
[0mGET /profile/css/profile.css [33m404[0m 16.388 ms - 162[0m
[0mPOST /post/create [36m302[0m 27.989 ms - 104[0m
[0mGET /profile/ [32m200[0m 35.721 ms - 4804[0m
[0mGET /profile/css/profile.css [33m404[0m 11.152 ms - 162[0m
[0mGET /likes/toggle/?id=64199cb26ff4b0e304b9fbd4&type=Post [33m404[0m 7.167 ms - 152[0m
[0mGET /likes/toggle/?id=64199cb26ff4b0e304b9fbd4&type=Post [33m404[0m 6.769 ms - 152[0m
[0mGET /likes/toggle/?id=64199cb26ff4b0e304b9fbd4&type=Post [33m404[0m 7.957 ms - 152[0m
[0mGET /signout [36m302[0m 11.321 ms - 56[0m
[0mGET /signin [32m200[0m 4.112 ms - 1334[0m
[0mGET / [32m200[0m 580.901 ms - 1003[0m
[0mGET /favicon.ico [33m404[0m 18.374 ms - 150[0m
[0mGET /sign_up [32m200[0m 137.418 ms - 1465[0m
[0mPOST /c [36m302[0m 40.762 ms - 58[0m
[0mGET /signin [32m200[0m 104.858 ms - 1081[0m
[0mPOST /create-session [36m302[0m 22.060 ms - 62[0m
[0mGET /profile/ [32m200[0m 37.736 ms - 5111[0m
[0mGET /profile/css/profile.css [33m404[0m 10.264 ms - 162[0m
[0mPOST /likes/toggle/?id=64199cb26ff4b0e304b9fbd4&type=Post [32m200[0m 54.380 ms - 58[0m
[0mPOST /post/create [36m302[0m 12.114 ms - 104[0m
[0mGET /profile/ [32m200[0m 34.251 ms - 6314[0m
[0mGET /profile/css/profile.css [33m404[0m 8.033 ms - 162[0m
[0mGET /profile/64042558e42f0438ef6eb6f0 [32m200[0m 31.484 ms - 5466[0m
[0mGET /profile/css/profile.css [33m404[0m 10.429 ms - 162[0m
[0mGET /post/destroy/641dbc374e5903ae312bae84 [36m302[0m 32.709 ms - 104[0m
[0mGET /profile/ [32m200[0m 22.589 ms - 4798[0m
[0mGET /profile/css/profile.css [33m404[0m 7.468 ms - 162[0m
[0mPOST /likes/toggle/?id=64199cb26ff4b0e304b9fbd4&type=Post [32m200[0m 18.186 ms - 57[0m
[0mPOST /likes/toggle/?id=64199cb26ff4b0e304b9fbd4&type=Post [32m200[0m 21.962 ms - 58[0m
[0mPOST /likes/toggle/?id=64199cb26ff4b0e304b9fbd4&type=Post [32m200[0m 14.479 ms - 57[0m
[0mPOST /likes/toggle/?id=64199cb26ff4b0e304b9fbd4&type=Post [32m200[0m 14.188 ms - 58[0m
[0mPOST /likes/toggle/?id=64199cb26ff4b0e304b9fbd4&type=Post [32m200[0m 14.419 ms - 57[0m
[0mPOST /likes/toggle/?id=64199cb26ff4b0e304b9fbd4&type=Post [32m200[0m 14.115 ms - 58[0m
[0mPOST /likes/toggle/?id=64199cb26ff4b0e304b9fbd4&type=Post [32m200[0m 13.825 ms - 57[0m
[0mPOST /likes/toggle/?id=64199cb26ff4b0e304b9fbd4&type=Post [32m200[0m 17.161 ms - 58[0m
[0mPOST /likes/toggle/?id=64199cb26ff4b0e304b9fbd4&type=Post [32m200[0m 13.884 ms - 57[0m
[0mGET /signout [36m302[0m 11.389 ms - 56[0m
[0mGET /signin [32m200[0m 4.298 ms - 1334[0m
[0mGET / [32m200[0m 79.176 ms - 1003[0m
[0mGET /favicon.ico [33m404[0m 14.889 ms - 150[0m
[0mGET /signin [32m200[0m 5.495 ms - 1081[0m
[0mGET /users/auth/google [36m302[0m 3.992 ms - 0[0m
[0mGET /users/auth/google/callback?code=4%2F0AVHEtk5CZ5eP47Y3-EyNJVeSIotc-NWnjHv3vB8wtUykowrUznqoQ_4tpgWN0q-uUrUJJA&scope=email+profile+https%3A%2F%2Fwww.googleapis.com%2Fauth%2Fuserinfo.profile+https%3A%2F%2Fwww.googleapis.com%2Fauth%2Fuserinfo.email+openid&authuser=0&prompt=consent [36m302[0m 1102.546 ms - 62[0m
[0mGET /profile/ [32m200[0m 29.020 ms - 5106[0m
[0mGET /profile/css/profile.css [33m404[0m 6.595 ms - 162[0m
[0mPOST /likes/toggle/?id=64199cb26ff4b0e304b9fbd4&type=Post [32m200[0m 51.372 ms - 58[0m
[0mGET /users/auth/google [36m302[0m 19.678 ms - 0[0m
[0mGET /users/auth/google/callback?code=4%2F0AVHEtk4vT_RnzmMKai1081EjzsvIBGXxiZlR5TjDbIKBw34AlJ8xwTkgBp2THmxVQOyYtw&scope=email+profile+https%3A%2F%2Fwww.googleapis.com%2Fauth%2Fuserinfo.profile+https%3A%2F%2Fwww.googleapis.com%2Fauth%2Fuserinfo.email+openid&authuser=0&prompt=consent [36m302[0m 1359.896 ms - 62[0m
[0mGET /profile/ [32m200[0m 38.776 ms - 5106[0m
[0mGET /profile/css/profile.css [33m404[0m 6.047 ms - 162[0m
[0mGET / [32m200[0m 134.088 ms - 1003[0m
[0mGET /favicon.ico [33m404[0m 15.500 ms - 150[0m
[0mGET /sign_up [32m200[0m 6.591 ms - 1465[0m
[0mGET /signin [32m200[0m 12.793 ms - 1081[0m
[0mGET /users/auth/google [36m302[0m 6.638 ms - 0[0m
[0mGET /users/auth/google/callback?code=4%2F0AVHEtk4JS3CbBUqZnGKUv0Oba9dTGRJKNRy4mbmhMC545OdKD5A3EoeT-4tj0wW7wO40wg&scope=email+profile+https%3A%2F%2Fwww.googleapis.com%2Fauth%2Fuserinfo.profile+https%3A%2F%2Fwww.googleapis.com%2Fauth%2Fuserinfo.email+openid&authuser=0&prompt=consent [36m302[0m 585.952 ms - 62[0m
[0mGET /profile/ [32m200[0m 44.001 ms - 5106[0m
[0mGET /profile/css/profile.css [33m404[0m 13.082 ms - 162[0m
[0mPOST /likes/toggle/?id=64199cb26ff4b0e304b9fbd4&type=Post [32m200[0m 37.713 ms - 57[0m
[0mPOST /likes/toggle/?id=64199cb26ff4b0e304b9fbd4&type=Post [32m200[0m 27.349 ms - 58[0m
[0mPOST /likes/toggle/?id=64199cb26ff4b0e304b9fbd4&type=Post [32m200[0m 12.200 ms - 57[0m
[0mPOST /likes/toggle/?id=64199cb26ff4b0e304b9fbd4&type=Post [32m200[0m 11.117 ms - 58[0m
[0mGET /profile/6404bf0464479a923b5fe8a8 [32m200[0m 30.618 ms - 3958[0m
[0mGET /profile/css/profile.css [33m404[0m 8.777 ms - 162[0m
[0mGET /users/auth/google/callback?code=4%2F0AVHEtk5bozVlCLjHAbI7kkVcEpgjoUjuOWEn2eKdSD2l5z4HpIQEd9Ce_cQJ0lMlRxew8w&scope=email+profile+https%3A%2F%2Fwww.googleapis.com%2Fauth%2Fuserinfo.profile+https%3A%2F%2Fwww.googleapis.com%2Fauth%2Fuserinfo.email+openid&authuser=0&prompt=consent [36m302[0m 928.155 ms - 62[0m
[0mGET /profile/ [32m200[0m 53.367 ms - 5106[0m
[0mGET /profile/css/profile.css [33m404[0m 15.426 ms - 162[0m
[0mGET /profile/ [32m200[0m 124.811 ms - 4793[0m
[0mGET /profile/css/profile.css [33m404[0m 20.282 ms - 162[0m
[0mPOST /update/64042558e42f0438ef6eb6f0 [0m-[0m - ms - -[0m
[0mGET /profile/ [36m304[0m 38.559 ms - -[0m
[0mGET /profile/css/profile.css [33m404[0m 13.347 ms - 162[0m
[0mGET /profile/ [36m304[0m 120.129 ms - -[0m
[0mGET /profile/css/profile.css [33m404[0m 18.815 ms - 162[0m
[0mGET /profile/ [36m304[0m 116.980 ms - -[0m
[0mGET /profile/css/profile.css [33m404[0m 22.195 ms - 162[0m
[0mPOST /update/64042558e42f0438ef6eb6f0 [0m-[0m - ms - -[0m
[0mGET /profile/ [36m304[0m 90.007 ms - -[0m
[0mGET /profile/css/profile.css [33m404[0m 23.471 ms - 162[0m
[0mPOST /update/64042558e42f0438ef6eb6f0 [0m-[0m - ms - -[0m
[0mGET /profile/ [36m304[0m 95.524 ms - -[0m
[0mGET /profile/css/profile.css [33m404[0m 21.164 ms - 162[0m
[0mGET / [32m200[0m 241.255 ms - 1003[0m
[0mGET /favicon.ico [33m404[0m 15.988 ms - 150[0m
